<?xml version="1.0" encoding="UTF-8"?>
<!-- Generated by org.testng.reporters.JUnitReportReporter -->
<testsuite hostname="LAPTOP-JKRBLPFM" failures="0" tests="3" name="OrangePageObjModel.PomRunner" time="16.831" errors="0" timestamp="2021-10-06T12:52:28 IST" skipped="0">
  <testcase classname="OrangePageObjModel.PomRunner" name="cancelButtonTest" time="0.843"/>
  <system-out/>
  <testcase classname="OrangePageObjModel.PomRunner" name="doLoginTest" time="10.812"/>
  <system-out/>
  <testcase classname="OrangePageObjModel.PomRunner" name="forgetLinkTest" time="5.176"/>
  <system-out/>
</testsuite> <!-- OrangePageObjModel.PomRunner -->
