<?xml version="1.0" encoding="UTF-8"?>
<!-- Generated by org.testng.reporters.JUnitReportReporter -->
<testsuite hostname="LAPTOP-JKRBLPFM" failures="0" tests="1" name="OrangePageObjModel.KeywordRunner" time="3.274" errors="0" timestamp="2021-10-06T18:17:16 IST" skipped="0">
  <testcase classname="OrangePageObjModel.KeywordRunner" name="run" time="3.274"/>
  <system-out/>
</testsuite> <!-- OrangePageObjModel.KeywordRunner -->
