<?xml version="1.0" encoding="UTF-8"?>
<!-- Generated by org.testng.reporters.JUnitReportReporter -->
<testsuite hostname="LAPTOP-JKRBLPFM" failures="0" tests="3" name="PageModel.PomRunner" time="11.355" errors="0" timestamp="2021-10-06T18:54:57 IST" skipped="0">
  <testcase classname="PageModel.PomRunner" name="doLoginTest" time="5.985"/>
  <system-out/>
  <testcase classname="PageModel.PomRunner" name="cancelButtonTest" time="0.874"/>
  <system-out/>
  <testcase classname="PageModel.PomRunner" name="forgetLinkTest" time="4.496"/>
  <system-out/>
</testsuite> <!-- PageModel.PomRunner -->
