<?xml version="1.0" encoding="UTF-8"?>
<!-- Generated by org.testng.reporters.JUnitReportReporter -->
<testsuite hostname="LAPTOP-JKRBLPFM" failures="0" tests="1" name="Day8Sir.NewTest" time="0.512" errors="0" timestamp="2021-10-06T12:27:19 IST" skipped="0">
  <testcase classname="Day8Sir.NewTest" name="dbconect" time="0.512"/>
  <system-out/>
</testsuite> <!-- Day8Sir.NewTest -->
