<?xml version="1.0" encoding="UTF-8"?>
<!-- Generated by org.testng.reporters.JUnitReportReporter -->
<testsuite hostname="LAPTOP-JKRBLPFM" failures="0" tests="6" name="OrangePageObjModel.ExcelKeyIntegration" time="2.902" errors="0" timestamp="2021-10-06T18:15:41 IST" skipped="0">
  <testcase classname="OrangePageObjModel.ExcelKeyIntegration" name="f" time="1.856"/>
  <system-out/>
  <testcase classname="OrangePageObjModel.ExcelKeyIntegration" name="f" time="0.268"/>
  <system-out/>
  <testcase classname="OrangePageObjModel.ExcelKeyIntegration" name="f" time="0.001"/>
  <system-out/>
  <testcase classname="OrangePageObjModel.ExcelKeyIntegration" name="f" time="0.106"/>
  <system-out/>
  <testcase classname="OrangePageObjModel.ExcelKeyIntegration" name="f" time="0.080"/>
  <system-out/>
  <testcase classname="OrangePageObjModel.ExcelKeyIntegration" name="f" time="0.591"/>
  <system-out/>
</testsuite> <!-- OrangePageObjModel.ExcelKeyIntegration -->
