<?xml version="1.0" encoding="UTF-8"?>
<!-- Generated by org.testng.reporters.JUnitReportReporter -->
<testsuite hostname="LAPTOP-JKRBLPFM" failures="0" tests="1" name="Day8Sir.PomRunner" time="4.264" errors="0" timestamp="2021-10-06T10:04:40 IST" skipped="0">
  <testcase classname="Day8Sir.PomRunner" name="cancelButtonTest" time="4.264"/>
  <system-out/>
</testsuite> <!-- Day8Sir.PomRunner -->
