<?xml version="1.0" encoding="UTF-8"?>
<!-- Generated by org.testng.reporters.JUnitReportReporter -->
<testsuite hostname="LAPTOP-JKRBLPFM" failures="0" tests="1" name="OrangePageObjModel.DBConnct" time="11.683" errors="0" timestamp="2021-10-06T18:50:30 IST" skipped="0">
  <testcase classname="OrangePageObjModel.DBConnct" name="dbconect" time="11.683"/>
  <system-out/>
</testsuite> <!-- OrangePageObjModel.DBConnct -->
