<?xml version="1.0" encoding="UTF-8"?>
<!-- Generated by org.testng.reporters.JUnitReportReporter -->
<testsuite hostname="LAPTOP-JKRBLPFM" failures="0" tests="1" name="Day8Sir.FactoryRunner" time="5.044" errors="0" timestamp="2021-10-06T18:29:03 IST" skipped="0">
  <testcase classname="Day8Sir.FactoryRunner" name="cancelButtonTest" time="5.044"/>
  <system-out/>
</testsuite> <!-- Day8Sir.FactoryRunner -->
